adc563
*   5934672 9th commit (4th on testing).
|\  
| * b86a1ba 7th commit (5th on master).
| *   ba77711 6th commit (4th on master).
| |\  
| * | ad61ae4 5th commit (3rd on master).
* | | ec50b39 8th commit (3rd on testing).
| |/  
|/|   
* | 66d600b 4th commit (2nd on testing).
|/  
* 76f8e0c 3rd commit (1st on testing).
* a9a1332 2nd commit (2nd on master).
* 44d8e12 1st commit
ao1512
*   a218149 9th commit (4th on testing).
|\  
| * ff4b659 7th commit (5th on master).
| * 318b12f 5th commit (3rd on master).
* | 0028e09 8th commit (3rd on testing).
* | 692c7f7 4th commit (2nd on testing).
|/  
* bbe1fde 3rd commit (1st on testing).
* 7ed2d0e 2nd commit (2nd on master).
* 9c47932 readme
jjz289
*   cb617e6 9th commit (4th on testing).
|\
| * 9c6a6a9 7th commit (5th on master).
| *   c2593f3 6th commit (4th on master).
| |\
| * | 5d3fb84 5th commit (3rd on master).
* | | 90ec930 8th commit (3rd on testing).
| |/
|/|
* | ef0ded9 4th commit (2nd on testing).
|/
* 1b9c61a 3rd commit (1st on testing).
* 84c21bb 2nd commit (2nd on master)
* fc6c6c8 Message
